<?xml version="1.0" encoding="UTF-8"?>
<!-- Generated by org.testng.reporters.JUnitReportReporter -->
<testsuite hostname="MSI" failures="0" tests="4" name="runners.TestRunner" time="49.402" errors="0" timestamp="2025-03-22T02:40:42 IST" skipped="0">
  <testcase classname="runners.TestRunner" name="runScenario" time="7.537"/>
  <testcase classname="runners.TestRunner" name="runScenario" time="14.235"/>
  <testcase classname="runners.TestRunner" name="runScenario" time="19.286"/>
  <testcase classname="runners.TestRunner" name="runScenario" time="8.344"/>
</testsuite> <!-- runners.TestRunner -->
